[2019-03-15 14:10:59,195] multiqc                                            [DEBUG  ]  No MultiQC config found: /u/home/g/gandalm/.conda/envs/myconda/lib/python3.6/site-packages/multiqc_config.yaml
[2019-03-15 14:10:59,195] multiqc                                            [DEBUG  ]  No MultiQC config found: /u/home/g/gandalm/.multiqc_config.yaml
[2019-03-15 14:10:59,195] multiqc                                            [DEBUG  ]  No MultiQC config found: multiqc_config.yaml
[2019-03-15 14:10:59,195] multiqc                                            [DEBUG  ]  Command used: /u/home/g/gandalm/.conda/envs/myconda/bin/multiqc sample_merged/ -f
[2019-03-15 14:11:00,494] multiqc                                            [DEBUG  ]  Latest MultiQC version is v1.7
[2019-03-15 14:11:00,494] multiqc                                            [INFO   ]  This is MultiQC v1.7
[2019-03-15 14:11:00,494] multiqc                                            [DEBUG  ]  Command     : /u/home/g/gandalm/.conda/envs/myconda/bin/multiqc sample_merged/ -f
[2019-03-15 14:11:00,494] multiqc                                            [DEBUG  ]  Working dir : /u/project/gandalm/shared/RNAseq/ASD_STG_LCM_RNAseq/ASD_Blocks/pipeline/bams/star
[2019-03-15 14:11:00,494] multiqc                                            [INFO   ]  Template    : default
[2019-03-15 14:11:00,494] multiqc                                            [INFO   ]  Searching 'sample_merged/'
[2019-03-15 14:11:00,494] multiqc                                            [DEBUG  ]  Analysing modules: custom_content, conpair, peddy, methylQA, phantompeakqualtools, qualimap, preseq, quast, qorts, rna_seqc, rsem, rseqc, busco, goleft_indexcov, disambiguate, supernova, deeptools, sargasso, verifybamid, mirtrace, happy, homer, macs2, theta2, snpeff, gatk, htseq, bcftools, featureCounts, dedup, damageprofiler, picard, prokka, samblaster, samtools, bamtools, jellyfish, vcftools, longranger, stacks, bbmap, bismark, biscuit, hicexplorer, hicup, hicpro, salmon, kallisto, slamdunk, star, hisat2, tophat, bowtie2, bowtie1, kat, leehom, adapterRemoval, clipandmerge, cutadapt, flexbar, trimmomatic, skewer, sortmerna, biobloomtools, fastq_screen, afterqc, fastp, fastqc, minionqc, clusterflow, bcl2fastq, interop, flash
[2019-03-15 14:11:00,495] multiqc                                            [DEBUG  ]  Using temporary directory for creating report: /tmp/tmp_xa2_f2s
[2019-03-15 14:11:00,592] multiqc                                            [DEBUG  ]  Ignoring directory as matched fn_ignore_dirs: sample_merged/multiqc_data
[2019-03-15 14:11:00,919] multiqc                                            [DEBUG  ]  Ignoring file as matched an ignore pattern: BSS2018_C01.merged.bam
[2019-03-15 14:11:00,991] multiqc                                            [DEBUG  ]  Ignoring file as matched an ignore pattern: BSS2018_C01.merged.picard_metrics.gc_bias.chart.pdf
[2019-03-15 14:11:01,019] multiqc                                            [DEBUG  ]  Ignoring file as matched an ignore pattern: BSS2018_D02.merged.bam
[2019-03-15 14:11:01,089] multiqc                                            [DEBUG  ]  Ignoring file as matched an ignore pattern: BSS2018_D02.merged.picard_metrics.gc_bias.chart.pdf
[2019-03-15 14:11:01,118] multiqc                                            [DEBUG  ]  Ignoring file as matched an ignore pattern: BSS_G04.merged.bam
[2019-03-15 14:11:01,181] multiqc                                            [DEBUG  ]  Ignoring file as matched an ignore pattern: BSS_G04.merged.picard_metrics.gc_bias.chart.pdf
[2019-03-15 14:11:01,209] multiqc                                            [DEBUG  ]  Ignoring file as matched an ignore pattern: BSS_G02.merged.bam
[2019-03-15 14:11:01,280] multiqc                                            [DEBUG  ]  Ignoring file as matched an ignore pattern: BSS_G02.merged.picard_metrics.gc_bias.chart.pdf
[2019-03-15 14:11:01,310] multiqc                                            [DEBUG  ]  Ignoring file as matched an ignore pattern: BSS_F02.merged.bam
[2019-03-15 14:11:01,379] multiqc                                            [DEBUG  ]  Ignoring file as matched an ignore pattern: BSS_F02.merged.picard_metrics.gc_bias.chart.pdf
[2019-03-15 14:11:01,409] multiqc                                            [DEBUG  ]  Ignoring file as matched an ignore pattern: BSS2018_B01.merged.bam
[2019-03-15 14:11:01,484] multiqc                                            [DEBUG  ]  Ignoring file as matched an ignore pattern: BSS2018_B01.merged.picard_metrics.gc_bias.chart.pdf
[2019-03-15 14:11:01,513] multiqc                                            [DEBUG  ]  Ignoring file as matched an ignore pattern: BSS2018_B02.merged.bam
[2019-03-15 14:11:01,585] multiqc                                            [DEBUG  ]  Ignoring file as matched an ignore pattern: BSS2018_B02.merged.picard_metrics.gc_bias.chart.pdf
[2019-03-15 14:11:01,613] multiqc                                            [DEBUG  ]  Ignoring file as matched an ignore pattern: BSS_F06.merged.bam
[2019-03-15 14:11:01,684] multiqc                                            [DEBUG  ]  Ignoring file as matched an ignore pattern: BSS_F06.merged.picard_metrics.gc_bias.chart.pdf
[2019-03-15 14:11:01,714] multiqc                                            [DEBUG  ]  Ignoring file as matched an ignore pattern: BSS_F03.merged.bam
[2019-03-15 14:11:01,785] multiqc                                            [DEBUG  ]  Ignoring file as matched an ignore pattern: BSS_F03.merged.picard_metrics.gc_bias.chart.pdf
[2019-03-15 14:11:01,813] multiqc                                            [DEBUG  ]  Ignoring file as matched an ignore pattern: BSS_F05.merged.bam
[2019-03-15 14:11:01,882] multiqc                                            [DEBUG  ]  Ignoring file as matched an ignore pattern: BSS_F05.merged.picard_metrics.gc_bias.chart.pdf
[2019-03-15 14:11:01,908] multiqc                                            [DEBUG  ]  Ignoring file as matched an ignore pattern: BSS2018_A02.merged.bam
[2019-03-15 14:11:01,978] multiqc                                            [DEBUG  ]  Ignoring file as matched an ignore pattern: BSS2018_A02.merged.picard_metrics.gc_bias.chart.pdf
[2019-03-15 14:11:02,005] multiqc                                            [DEBUG  ]  Ignoring file as matched an ignore pattern: BSS_F04.merged.bam
[2019-03-15 14:11:02,079] multiqc                                            [DEBUG  ]  Ignoring file as matched an ignore pattern: BSS_F04.merged.picard_metrics.gc_bias.chart.pdf
[2019-03-15 14:11:02,108] multiqc                                            [DEBUG  ]  Ignoring file as matched an ignore pattern: BSS2018_H02.merged.bam
[2019-03-15 14:11:02,182] multiqc                                            [DEBUG  ]  Ignoring file as matched an ignore pattern: BSS2018_H02.merged.picard_metrics.gc_bias.chart.pdf
[2019-03-15 14:11:02,210] multiqc                                            [DEBUG  ]  Ignoring file as matched an ignore pattern: BSS2018_H01.merged.bam
[2019-03-15 14:11:02,281] multiqc                                            [DEBUG  ]  Ignoring file as matched an ignore pattern: BSS2018_H01.merged.picard_metrics.gc_bias.chart.pdf
[2019-03-15 14:11:02,309] multiqc                                            [DEBUG  ]  Ignoring file as matched an ignore pattern: BSS2018_A01.merged.bam
[2019-03-15 14:11:02,380] multiqc                                            [DEBUG  ]  Ignoring file as matched an ignore pattern: BSS2018_A01.merged.picard_metrics.gc_bias.chart.pdf
[2019-03-15 14:11:02,409] multiqc                                            [DEBUG  ]  Ignoring file as matched an ignore pattern: BSS_B05.merged.bam
[2019-03-15 14:11:02,476] multiqc                                            [DEBUG  ]  Ignoring file as matched an ignore pattern: BSS_B05.merged.picard_metrics.gc_bias.chart.pdf
[2019-03-15 14:11:02,504] multiqc                                            [DEBUG  ]  Ignoring file as matched an ignore pattern: BSS_B06.merged.bam
[2019-03-15 14:11:02,573] multiqc                                            [DEBUG  ]  Ignoring file as matched an ignore pattern: BSS_B06.merged.picard_metrics.gc_bias.chart.pdf
[2019-03-15 14:11:02,602] multiqc                                            [DEBUG  ]  Ignoring file as matched an ignore pattern: BSS_B02.merged.bam
[2019-03-15 14:11:02,671] multiqc                                            [DEBUG  ]  Ignoring file as matched an ignore pattern: BSS_B02.merged.picard_metrics.gc_bias.chart.pdf
[2019-03-15 14:11:02,699] multiqc                                            [DEBUG  ]  Ignoring file as matched an ignore pattern: BSS_A03.merged.bam
[2019-03-15 14:11:02,769] multiqc                                            [DEBUG  ]  Ignoring file as matched an ignore pattern: BSS_A03.merged.picard_metrics.gc_bias.chart.pdf
[2019-03-15 14:11:02,796] multiqc                                            [DEBUG  ]  Ignoring file as matched an ignore pattern: BSS_A05.merged.bam
[2019-03-15 14:11:02,867] multiqc                                            [DEBUG  ]  Ignoring file as matched an ignore pattern: BSS_A05.merged.picard_metrics.gc_bias.chart.pdf
[2019-03-15 14:11:02,894] multiqc                                            [DEBUG  ]  Ignoring file as matched an ignore pattern: BSS_A07.merged.bam
[2019-03-15 14:11:02,961] multiqc                                            [DEBUG  ]  Ignoring file as matched an ignore pattern: BSS_A07.merged.picard_metrics.gc_bias.chart.pdf
[2019-03-15 14:11:02,989] multiqc                                            [DEBUG  ]  Ignoring file as matched an ignore pattern: BSS_A06.merged.bam
[2019-03-15 14:11:03,056] multiqc                                            [DEBUG  ]  Ignoring file as matched an ignore pattern: BSS_A06.merged.picard_metrics.gc_bias.chart.pdf
[2019-03-15 14:11:03,083] multiqc                                            [DEBUG  ]  Ignoring file as matched an ignore pattern: BSS_A04.merged.bam
[2019-03-15 14:11:03,150] multiqc                                            [DEBUG  ]  Ignoring file as matched an ignore pattern: BSS_A04.merged.picard_metrics.gc_bias.chart.pdf
[2019-03-15 14:11:03,177] multiqc                                            [DEBUG  ]  Ignoring file as matched an ignore pattern: BSS_A01.merged.bam
[2019-03-15 14:11:03,243] multiqc                                            [DEBUG  ]  Ignoring file as matched an ignore pattern: BSS_A01.merged.picard_metrics.gc_bias.chart.pdf
[2019-03-15 14:11:03,270] multiqc                                            [DEBUG  ]  Ignoring file as matched an ignore pattern: BSS_A01.merged.name.bam
[2019-03-15 14:11:03,271] multiqc                                            [DEBUG  ]  Ignoring file as matched an ignore pattern: BSS2018_G01.merged.bam
[2019-03-15 14:11:03,337] multiqc                                            [DEBUG  ]  Ignoring file as matched an ignore pattern: BSS2018_G01.merged.picard_metrics.gc_bias.chart.pdf
[2019-03-15 14:11:03,364] multiqc                                            [DEBUG  ]  Ignoring file as matched an ignore pattern: BSS_A02.merged.bam
[2019-03-15 14:11:03,430] multiqc                                            [DEBUG  ]  Ignoring file as matched an ignore pattern: BSS_A02.merged.picard_metrics.gc_bias.chart.pdf
[2019-03-15 14:11:03,457] multiqc                                            [DEBUG  ]  Ignoring file as matched an ignore pattern: BSS_B03.merged.bam
[2019-03-15 14:11:03,523] multiqc                                            [DEBUG  ]  Ignoring file as matched an ignore pattern: BSS_B03.merged.picard_metrics.gc_bias.chart.pdf
[2019-03-15 14:11:03,549] multiqc                                            [DEBUG  ]  Ignoring file as matched an ignore pattern: BSS_H04.merged.bam
[2019-03-15 14:11:03,615] multiqc                                            [DEBUG  ]  Ignoring file as matched an ignore pattern: BSS_H04.merged.picard_metrics.gc_bias.chart.pdf
[2019-03-15 14:11:03,641] multiqc                                            [DEBUG  ]  Ignoring file as matched an ignore pattern: BSS_H05.merged.bam
[2019-03-15 14:11:03,706] multiqc                                            [DEBUG  ]  Ignoring file as matched an ignore pattern: BSS_H05.merged.picard_metrics.gc_bias.chart.pdf
[2019-03-15 14:11:03,733] multiqc                                            [DEBUG  ]  Ignoring file as matched an ignore pattern: BSS2018_G02.merged.bam
[2019-03-15 14:11:03,800] multiqc                                            [DEBUG  ]  Ignoring file as matched an ignore pattern: BSS2018_G02.merged.picard_metrics.gc_bias.chart.pdf
[2019-03-15 14:11:03,826] multiqc                                            [DEBUG  ]  Ignoring file as matched an ignore pattern: BSS2018_E01.merged.bam
[2019-03-15 14:11:03,895] multiqc                                            [DEBUG  ]  Ignoring file as matched an ignore pattern: BSS2018_E01.merged.picard_metrics.gc_bias.chart.pdf
[2019-03-15 14:11:03,922] multiqc                                            [DEBUG  ]  Ignoring file as matched an ignore pattern: BSS2018_F02.merged.bam
[2019-03-15 14:11:03,991] multiqc                                            [DEBUG  ]  Ignoring file as matched an ignore pattern: BSS2018_F02.merged.picard_metrics.gc_bias.chart.pdf
[2019-03-15 14:11:04,019] multiqc                                            [DEBUG  ]  Ignoring file as matched an ignore pattern: BSS_H06.merged.bam
[2019-03-15 14:11:04,087] multiqc                                            [DEBUG  ]  Ignoring file as matched an ignore pattern: BSS_H06.merged.picard_metrics.gc_bias.chart.pdf
[2019-03-15 14:11:04,114] multiqc                                            [DEBUG  ]  Ignoring file as matched an ignore pattern: BSS_H02.merged.bam
[2019-03-15 14:11:04,182] multiqc                                            [DEBUG  ]  Ignoring file as matched an ignore pattern: BSS_H02.merged.picard_metrics.gc_bias.chart.pdf
[2019-03-15 14:11:04,210] multiqc                                            [DEBUG  ]  Ignoring file as matched an ignore pattern: BSS2018_D01.merged.bam
[2019-03-15 14:11:04,280] multiqc                                            [DEBUG  ]  Ignoring file as matched an ignore pattern: BSS2018_D01.merged.picard_metrics.gc_bias.chart.pdf
[2019-03-15 14:11:04,307] multiqc                                            [DEBUG  ]  Ignoring file as matched an ignore pattern: BSS_H03.merged.bam
[2019-03-15 14:11:04,373] multiqc                                            [DEBUG  ]  Ignoring file as matched an ignore pattern: BSS_H03.merged.picard_metrics.gc_bias.chart.pdf
[2019-03-15 14:11:04,399] multiqc                                            [DEBUG  ]  Ignoring file as matched an ignore pattern: BSS2018_F01.merged.bam
[2019-03-15 14:11:04,467] multiqc                                            [DEBUG  ]  Ignoring file as matched an ignore pattern: BSS2018_F01.merged.picard_metrics.gc_bias.chart.pdf
[2019-03-15 14:11:04,494] multiqc                                            [DEBUG  ]  Ignoring file as matched an ignore pattern: BSS2018_E02.merged.bam
[2019-03-15 14:11:04,560] multiqc                                            [DEBUG  ]  Ignoring file as matched an ignore pattern: BSS2018_E02.merged.picard_metrics.gc_bias.chart.pdf
[2019-03-15 14:11:04,586] multiqc                                            [DEBUG  ]  Ignoring file as matched an ignore pattern: BSS_G01.merged.bam
[2019-03-15 14:11:04,654] multiqc                                            [DEBUG  ]  Ignoring file as matched an ignore pattern: BSS_G01.merged.picard_metrics.gc_bias.chart.pdf
[2019-03-15 14:11:04,683] multiqc                                            [DEBUG  ]  Ignoring file as matched an ignore pattern: BSS_F01.merged.bam
[2019-03-15 14:11:04,750] multiqc                                            [DEBUG  ]  Ignoring file as matched an ignore pattern: BSS_F01.merged.picard_metrics.gc_bias.chart.pdf
[2019-03-15 14:11:04,778] multiqc                                            [DEBUG  ]  Ignoring file as matched an ignore pattern: BSS_H01.merged.bam
[2019-03-15 14:11:04,844] multiqc                                            [DEBUG  ]  Ignoring file as matched an ignore pattern: BSS_H01.merged.picard_metrics.gc_bias.chart.pdf
[2019-03-15 14:11:04,871] multiqc                                            [DEBUG  ]  Ignoring file as matched an ignore pattern: BSS_G03.merged.bam
[2019-03-15 14:11:04,936] multiqc                                            [DEBUG  ]  Ignoring file as matched an ignore pattern: BSS_G03.merged.picard_metrics.gc_bias.chart.pdf
[2019-03-15 14:11:04,962] multiqc                                            [DEBUG  ]  Ignoring file as matched an ignore pattern: BSS_G06.merged.bam
[2019-03-15 14:11:05,030] multiqc                                            [DEBUG  ]  Ignoring file as matched an ignore pattern: BSS_G06.merged.picard_metrics.gc_bias.chart.pdf
[2019-03-15 14:11:05,056] multiqc                                            [DEBUG  ]  Ignoring file as matched an ignore pattern: BSS_G05.merged.bam
[2019-03-15 14:11:05,124] multiqc                                            [DEBUG  ]  Ignoring file as matched an ignore pattern: BSS_G05.merged.picard_metrics.gc_bias.chart.pdf
[2019-03-15 14:11:05,151] multiqc                                            [DEBUG  ]  Ignoring file as matched an ignore pattern: BSS2018_C02.merged.bam
[2019-03-15 14:11:05,217] multiqc                                            [DEBUG  ]  Ignoring file as matched an ignore pattern: BSS2018_C02.merged.picard_metrics.gc_bias.chart.pdf
[2019-03-15 14:11:05,243] multiqc                                            [DEBUG  ]  Ignoring file as matched an ignore pattern: BSS_D03.merged.bam
[2019-03-15 14:11:05,309] multiqc                                            [DEBUG  ]  Ignoring file as matched an ignore pattern: BSS_D03.merged.picard_metrics.gc_bias.chart.pdf
[2019-03-15 14:11:05,334] multiqc                                            [DEBUG  ]  Ignoring file as matched an ignore pattern: BSS_D01.merged.bam
[2019-03-15 14:11:05,402] multiqc                                            [DEBUG  ]  Ignoring file as matched an ignore pattern: BSS_D01.merged.picard_metrics.gc_bias.chart.pdf
[2019-03-15 14:11:05,428] multiqc                                            [DEBUG  ]  Ignoring file as matched an ignore pattern: BSS_D02.merged.bam
[2019-03-15 14:11:05,497] multiqc                                            [DEBUG  ]  Ignoring file as matched an ignore pattern: BSS_D02.merged.picard_metrics.gc_bias.chart.pdf
[2019-03-15 14:11:05,525] multiqc                                            [DEBUG  ]  Ignoring file as matched an ignore pattern: BSS_C01.merged.bam
[2019-03-15 14:11:05,594] multiqc                                            [DEBUG  ]  Ignoring file as matched an ignore pattern: BSS_C01.merged.picard_metrics.gc_bias.chart.pdf
[2019-03-15 14:11:05,621] multiqc                                            [DEBUG  ]  Ignoring file as matched an ignore pattern: BSS_C05.merged.bam
[2019-03-15 14:11:05,694] multiqc                                            [DEBUG  ]  Ignoring file as matched an ignore pattern: BSS_C05.merged.picard_metrics.gc_bias.chart.pdf
[2019-03-15 14:11:05,722] multiqc                                            [DEBUG  ]  Ignoring file as matched an ignore pattern: BSS_D05.merged.bam
[2019-03-15 14:11:05,787] multiqc                                            [DEBUG  ]  Ignoring file as matched an ignore pattern: BSS_D05.merged.picard_metrics.gc_bias.chart.pdf
[2019-03-15 14:11:05,814] multiqc                                            [DEBUG  ]  Ignoring file as matched an ignore pattern: BSS_D06.merged.bam
[2019-03-15 14:11:05,880] multiqc                                            [DEBUG  ]  Ignoring file as matched an ignore pattern: BSS_D06.merged.picard_metrics.gc_bias.chart.pdf
[2019-03-15 14:11:05,906] multiqc                                            [DEBUG  ]  Ignoring file as matched an ignore pattern: BSS_C02.merged.bam
[2019-03-15 14:11:05,974] multiqc                                            [DEBUG  ]  Ignoring file as matched an ignore pattern: BSS_C02.merged.picard_metrics.gc_bias.chart.pdf
[2019-03-15 14:11:06,002] multiqc                                            [DEBUG  ]  Ignoring file as matched an ignore pattern: BSS_C04.merged.bam
[2019-03-15 14:11:06,067] multiqc                                            [DEBUG  ]  Ignoring file as matched an ignore pattern: BSS_C04.merged.picard_metrics.gc_bias.chart.pdf
[2019-03-15 14:11:06,092] multiqc                                            [DEBUG  ]  Ignoring file as matched an ignore pattern: BSS_C03.merged.bam
[2019-03-15 14:11:06,158] multiqc                                            [DEBUG  ]  Ignoring file as matched an ignore pattern: BSS_C03.merged.picard_metrics.gc_bias.chart.pdf
[2019-03-15 14:11:06,186] multiqc                                            [DEBUG  ]  Ignoring file as matched an ignore pattern: BSS_C06.merged.bam
[2019-03-15 14:11:06,249] multiqc                                            [DEBUG  ]  Ignoring file as matched an ignore pattern: BSS_C06.merged.picard_metrics.gc_bias.chart.pdf
[2019-03-15 14:11:06,275] multiqc                                            [DEBUG  ]  Ignoring file as matched an ignore pattern: BSS_B04.merged.bam
[2019-03-15 14:11:06,340] multiqc                                            [DEBUG  ]  Ignoring file as matched an ignore pattern: BSS_B04.merged.picard_metrics.gc_bias.chart.pdf
[2019-03-15 14:11:06,367] multiqc                                            [DEBUG  ]  Ignoring file as matched an ignore pattern: BSS_D04.merged.bam
[2019-03-15 14:11:06,434] multiqc                                            [DEBUG  ]  Ignoring file as matched an ignore pattern: BSS_D04.merged.picard_metrics.gc_bias.chart.pdf
[2019-03-15 14:11:06,460] multiqc                                            [DEBUG  ]  Ignoring file as matched an ignore pattern: BSS_E05.merged.bam
[2019-03-15 14:11:06,529] multiqc                                            [DEBUG  ]  Ignoring file as matched an ignore pattern: BSS_E05.merged.picard_metrics.gc_bias.chart.pdf
[2019-03-15 14:11:09,025] multiqc                                            [DEBUG  ]  Ignoring file as matched an ignore pattern: BSS_E06.merged.bam
[2019-03-15 14:11:09,097] multiqc                                            [DEBUG  ]  Ignoring file as matched an ignore pattern: BSS_E06.merged.picard_metrics.gc_bias.chart.pdf
[2019-03-15 14:11:09,126] multiqc                                            [DEBUG  ]  Ignoring file as matched an ignore pattern: BSS_B01.merged.bam
[2019-03-15 14:11:09,188] multiqc                                            [DEBUG  ]  Ignoring file as matched an ignore pattern: BSS_B01.merged.picard_metrics.gc_bias.chart.pdf
[2019-03-15 14:11:09,214] multiqc                                            [DEBUG  ]  Ignoring file as matched an ignore pattern: BSS_E02.merged.bam
[2019-03-15 14:11:09,283] multiqc                                            [DEBUG  ]  Ignoring file as matched an ignore pattern: BSS_E02.merged.picard_metrics.gc_bias.chart.pdf
[2019-03-15 14:11:09,311] multiqc                                            [DEBUG  ]  Ignoring file as matched an ignore pattern: BSS_E03.merged.bam
[2019-03-15 14:11:09,373] multiqc                                            [DEBUG  ]  Ignoring file as matched an ignore pattern: BSS_E03.merged.picard_metrics.gc_bias.chart.pdf
[2019-03-15 14:11:09,398] multiqc                                            [DEBUG  ]  Ignoring file as matched an ignore pattern: BSS_E04.merged.bam
[2019-03-15 14:11:09,469] multiqc                                            [DEBUG  ]  Ignoring file as matched an ignore pattern: BSS_E04.merged.picard_metrics.gc_bias.chart.pdf
[2019-03-15 14:11:09,506] multiqc                                            [DEBUG  ]  Ignoring file as matched an ignore pattern: BSS_E01.merged.bam
[2019-03-15 14:11:09,581] multiqc                                            [DEBUG  ]  Ignoring file as matched an ignore pattern: BSS_E01.merged.picard_metrics.gc_bias.chart.pdf
[2019-03-15 14:11:10,247] multiqc                                            [DEBUG  ]  No samples found: custom_content
[2019-03-15 14:11:10,257] multiqc                                            [DEBUG  ]  No samples found: conpair
[2019-03-15 14:11:10,267] multiqc                                            [DEBUG  ]  No samples found: peddy
[2019-03-15 14:11:10,276] multiqc                                            [DEBUG  ]  No samples found: methylQA
[2019-03-15 14:11:10,285] multiqc                                            [DEBUG  ]  No samples found: phantompeakqualtools
[2019-03-15 14:11:10,299] multiqc                                            [DEBUG  ]  No samples found: qualimap
[2019-03-15 14:11:10,309] multiqc                                            [DEBUG  ]  No samples found: preseq
[2019-03-15 14:11:10,319] multiqc                                            [DEBUG  ]  No samples found: quast
[2019-03-15 14:11:10,329] multiqc                                            [DEBUG  ]  No samples found: qorts
[2019-03-15 14:11:10,339] multiqc                                            [DEBUG  ]  No samples found: rna_seqc
[2019-03-15 14:11:10,349] multiqc                                            [DEBUG  ]  No samples found: rsem
[2019-03-15 14:11:10,378] multiqc                                            [DEBUG  ]  No samples found: rseqc
[2019-03-15 14:11:10,393] multiqc                                            [DEBUG  ]  No samples found: busco
[2019-03-15 14:11:10,405] multiqc                                            [DEBUG  ]  No samples found: goleft_indexcov
[2019-03-15 14:11:10,415] multiqc                                            [DEBUG  ]  No samples found: disambiguate
[2019-03-15 14:11:10,425] multiqc                                            [DEBUG  ]  No samples found: supernova
[2019-03-15 14:11:10,449] multiqc                                            [DEBUG  ]  No samples found: deeptools
[2019-03-15 14:11:10,462] multiqc                                            [DEBUG  ]  No samples found: sargasso
[2019-03-15 14:11:10,472] multiqc                                            [DEBUG  ]  No samples found: verifybamid
[2019-03-15 14:11:10,482] multiqc                                            [DEBUG  ]  No samples found: mirtrace
[2019-03-15 14:11:10,492] multiqc                                            [DEBUG  ]  No samples found: happy
[2019-03-15 14:11:10,505] multiqc                                            [DEBUG  ]  No samples found: homer
[2019-03-15 14:11:10,515] multiqc                                            [DEBUG  ]  No samples found: macs2
[2019-03-15 14:11:10,525] multiqc                                            [DEBUG  ]  No samples found: theta2
[2019-03-15 14:11:10,538] multiqc                                            [DEBUG  ]  No samples found: snpeff
[2019-03-15 14:11:10,553] multiqc                                            [DEBUG  ]  No samples found: gatk
[2019-03-15 14:11:10,563] multiqc                                            [DEBUG  ]  No samples found: htseq
[2019-03-15 14:11:10,573] multiqc                                            [DEBUG  ]  No samples found: bcftools
[2019-03-15 14:11:10,582] multiqc                                            [DEBUG  ]  No samples found: featureCounts
[2019-03-15 14:11:10,593] multiqc                                            [DEBUG  ]  No samples found: dedup
[2019-03-15 14:11:10,605] multiqc                                            [DEBUG  ]  No samples found: damageprofiler
[2019-03-15 14:11:10,697] multiqc.modules.picard.picard                      [INFO   ]  Found 65 AlignmentSummaryMetrics reports
[2019-03-15 14:11:10,698] multiqc.modules.picard.GcBiasMetrics               [DEBUG  ]  Duplicate sample name found in BSS2018_C01.merged.picard_metrics.gc_bias_metrics.summary.txt! Overwriting: BSS2018_C01
[2019-03-15 14:11:10,699] multiqc.modules.picard.GcBiasMetrics               [DEBUG  ]  Duplicate sample name found in BSS2018_D02.merged.picard_metrics.gc_bias_metrics.summary.txt! Overwriting: BSS2018_D02
[2019-03-15 14:11:10,700] multiqc.modules.picard.GcBiasMetrics               [DEBUG  ]  Duplicate sample name found in BSS_G04.merged.picard_metrics.gc_bias_metrics.summary.txt! Overwriting: BSS_G04
[2019-03-15 14:11:10,701] multiqc.modules.picard.GcBiasMetrics               [DEBUG  ]  Duplicate sample name found in BSS_G02.merged.picard_metrics.gc_bias_metrics.summary.txt! Overwriting: BSS_G02
[2019-03-15 14:11:10,702] multiqc.modules.picard.GcBiasMetrics               [DEBUG  ]  Duplicate sample name found in BSS_F02.merged.picard_metrics.gc_bias_metrics.summary.txt! Overwriting: BSS_F02
[2019-03-15 14:11:10,703] multiqc.modules.picard.GcBiasMetrics               [DEBUG  ]  Duplicate sample name found in BSS2018_B01.merged.picard_metrics.gc_bias_metrics.summary.txt! Overwriting: BSS2018_B01
[2019-03-15 14:11:10,704] multiqc.modules.picard.GcBiasMetrics               [DEBUG  ]  Duplicate sample name found in BSS2018_B02.merged.picard_metrics.gc_bias_metrics.summary.txt! Overwriting: BSS2018_B02
[2019-03-15 14:11:10,705] multiqc.modules.picard.GcBiasMetrics               [DEBUG  ]  Duplicate sample name found in BSS_F06.merged.picard_metrics.gc_bias_metrics.summary.txt! Overwriting: BSS_F06
[2019-03-15 14:11:10,706] multiqc.modules.picard.GcBiasMetrics               [DEBUG  ]  Duplicate sample name found in BSS_F03.merged.picard_metrics.gc_bias_metrics.summary.txt! Overwriting: BSS_F03
[2019-03-15 14:11:10,707] multiqc.modules.picard.GcBiasMetrics               [DEBUG  ]  Duplicate sample name found in BSS_F05.merged.picard_metrics.gc_bias_metrics.summary.txt! Overwriting: BSS_F05
[2019-03-15 14:11:10,708] multiqc.modules.picard.GcBiasMetrics               [DEBUG  ]  Duplicate sample name found in BSS2018_A02.merged.picard_metrics.gc_bias_metrics.summary.txt! Overwriting: BSS2018_A02
[2019-03-15 14:11:10,709] multiqc.modules.picard.GcBiasMetrics               [DEBUG  ]  Duplicate sample name found in BSS_F04.merged.picard_metrics.gc_bias_metrics.summary.txt! Overwriting: BSS_F04
[2019-03-15 14:11:10,710] multiqc.modules.picard.GcBiasMetrics               [DEBUG  ]  Duplicate sample name found in BSS2018_H02.merged.picard_metrics.gc_bias_metrics.summary.txt! Overwriting: BSS2018_H02
[2019-03-15 14:11:10,711] multiqc.modules.picard.GcBiasMetrics               [DEBUG  ]  Duplicate sample name found in BSS2018_H01.merged.picard_metrics.gc_bias_metrics.summary.txt! Overwriting: BSS2018_H01
[2019-03-15 14:11:10,712] multiqc.modules.picard.GcBiasMetrics               [DEBUG  ]  Duplicate sample name found in BSS2018_A01.merged.picard_metrics.gc_bias_metrics.summary.txt! Overwriting: BSS2018_A01
[2019-03-15 14:11:10,713] multiqc.modules.picard.GcBiasMetrics               [DEBUG  ]  Duplicate sample name found in BSS_B05.merged.picard_metrics.gc_bias_metrics.summary.txt! Overwriting: BSS_B05
[2019-03-15 14:11:10,714] multiqc.modules.picard.GcBiasMetrics               [DEBUG  ]  Duplicate sample name found in BSS_B06.merged.picard_metrics.gc_bias_metrics.summary.txt! Overwriting: BSS_B06
[2019-03-15 14:11:10,715] multiqc.modules.picard.GcBiasMetrics               [DEBUG  ]  Duplicate sample name found in BSS_B02.merged.picard_metrics.gc_bias_metrics.summary.txt! Overwriting: BSS_B02
[2019-03-15 14:11:10,717] multiqc.modules.picard.GcBiasMetrics               [DEBUG  ]  Duplicate sample name found in BSS_A03.merged.picard_metrics.gc_bias_metrics.summary.txt! Overwriting: BSS_A03
[2019-03-15 14:11:10,718] multiqc.modules.picard.GcBiasMetrics               [DEBUG  ]  Duplicate sample name found in BSS_A05.merged.picard_metrics.gc_bias_metrics.summary.txt! Overwriting: BSS_A05
[2019-03-15 14:11:10,719] multiqc.modules.picard.GcBiasMetrics               [DEBUG  ]  Duplicate sample name found in BSS_A07.merged.picard_metrics.gc_bias_metrics.summary.txt! Overwriting: BSS_A07
[2019-03-15 14:11:10,720] multiqc.modules.picard.GcBiasMetrics               [DEBUG  ]  Duplicate sample name found in BSS_A06.merged.picard_metrics.gc_bias_metrics.summary.txt! Overwriting: BSS_A06
[2019-03-15 14:11:10,721] multiqc.modules.picard.GcBiasMetrics               [DEBUG  ]  Duplicate sample name found in BSS_A04.merged.picard_metrics.gc_bias_metrics.summary.txt! Overwriting: BSS_A04
[2019-03-15 14:11:10,722] multiqc.modules.picard.GcBiasMetrics               [DEBUG  ]  Duplicate sample name found in BSS_A01.merged.picard_metrics.gc_bias_metrics.summary.txt! Overwriting: BSS_A01
[2019-03-15 14:11:10,723] multiqc.modules.picard.GcBiasMetrics               [DEBUG  ]  Duplicate sample name found in BSS2018_G01.merged.picard_metrics.gc_bias_metrics.summary.txt! Overwriting: BSS2018_G01
[2019-03-15 14:11:10,724] multiqc.modules.picard.GcBiasMetrics               [DEBUG  ]  Duplicate sample name found in BSS_A02.merged.picard_metrics.gc_bias_metrics.summary.txt! Overwriting: BSS_A02
[2019-03-15 14:11:10,725] multiqc.modules.picard.GcBiasMetrics               [DEBUG  ]  Duplicate sample name found in BSS_B03.merged.picard_metrics.gc_bias_metrics.summary.txt! Overwriting: BSS_B03
[2019-03-15 14:11:10,726] multiqc.modules.picard.GcBiasMetrics               [DEBUG  ]  Duplicate sample name found in BSS_H04.merged.picard_metrics.gc_bias_metrics.summary.txt! Overwriting: BSS_H04
[2019-03-15 14:11:10,727] multiqc.modules.picard.GcBiasMetrics               [DEBUG  ]  Duplicate sample name found in BSS_H05.merged.picard_metrics.gc_bias_metrics.summary.txt! Overwriting: BSS_H05
[2019-03-15 14:11:10,728] multiqc.modules.picard.GcBiasMetrics               [DEBUG  ]  Duplicate sample name found in BSS2018_G02.merged.picard_metrics.gc_bias_metrics.summary.txt! Overwriting: BSS2018_G02
[2019-03-15 14:11:10,729] multiqc.modules.picard.GcBiasMetrics               [DEBUG  ]  Duplicate sample name found in BSS2018_E01.merged.picard_metrics.gc_bias_metrics.summary.txt! Overwriting: BSS2018_E01
[2019-03-15 14:11:10,730] multiqc.modules.picard.GcBiasMetrics               [DEBUG  ]  Duplicate sample name found in BSS2018_F02.merged.picard_metrics.gc_bias_metrics.summary.txt! Overwriting: BSS2018_F02
[2019-03-15 14:11:10,732] multiqc.modules.picard.GcBiasMetrics               [DEBUG  ]  Duplicate sample name found in BSS_H06.merged.picard_metrics.gc_bias_metrics.summary.txt! Overwriting: BSS_H06
[2019-03-15 14:11:10,733] multiqc.modules.picard.GcBiasMetrics               [DEBUG  ]  Duplicate sample name found in BSS_H02.merged.picard_metrics.gc_bias_metrics.summary.txt! Overwriting: BSS_H02
[2019-03-15 14:11:10,734] multiqc.modules.picard.GcBiasMetrics               [DEBUG  ]  Duplicate sample name found in BSS2018_D01.merged.picard_metrics.gc_bias_metrics.summary.txt! Overwriting: BSS2018_D01
[2019-03-15 14:11:10,735] multiqc.modules.picard.GcBiasMetrics               [DEBUG  ]  Duplicate sample name found in BSS_H03.merged.picard_metrics.gc_bias_metrics.summary.txt! Overwriting: BSS_H03
[2019-03-15 14:11:10,736] multiqc.modules.picard.GcBiasMetrics               [DEBUG  ]  Duplicate sample name found in BSS2018_F01.merged.picard_metrics.gc_bias_metrics.summary.txt! Overwriting: BSS2018_F01
[2019-03-15 14:11:10,737] multiqc.modules.picard.GcBiasMetrics               [DEBUG  ]  Duplicate sample name found in BSS2018_E02.merged.picard_metrics.gc_bias_metrics.summary.txt! Overwriting: BSS2018_E02
[2019-03-15 14:11:10,738] multiqc.modules.picard.GcBiasMetrics               [DEBUG  ]  Duplicate sample name found in BSS_G01.merged.picard_metrics.gc_bias_metrics.summary.txt! Overwriting: BSS_G01
[2019-03-15 14:11:10,739] multiqc.modules.picard.GcBiasMetrics               [DEBUG  ]  Duplicate sample name found in BSS_F01.merged.picard_metrics.gc_bias_metrics.summary.txt! Overwriting: BSS_F01
[2019-03-15 14:11:10,740] multiqc.modules.picard.GcBiasMetrics               [DEBUG  ]  Duplicate sample name found in BSS_H01.merged.picard_metrics.gc_bias_metrics.summary.txt! Overwriting: BSS_H01
[2019-03-15 14:11:10,741] multiqc.modules.picard.GcBiasMetrics               [DEBUG  ]  Duplicate sample name found in BSS_G03.merged.picard_metrics.gc_bias_metrics.summary.txt! Overwriting: BSS_G03
[2019-03-15 14:11:10,742] multiqc.modules.picard.GcBiasMetrics               [DEBUG  ]  Duplicate sample name found in BSS_G06.merged.picard_metrics.gc_bias_metrics.summary.txt! Overwriting: BSS_G06
[2019-03-15 14:11:10,743] multiqc.modules.picard.GcBiasMetrics               [DEBUG  ]  Duplicate sample name found in BSS_G05.merged.picard_metrics.gc_bias_metrics.summary.txt! Overwriting: BSS_G05
[2019-03-15 14:11:10,745] multiqc.modules.picard.GcBiasMetrics               [DEBUG  ]  Duplicate sample name found in BSS2018_C02.merged.picard_metrics.gc_bias_metrics.summary.txt! Overwriting: BSS2018_C02
[2019-03-15 14:11:10,746] multiqc.modules.picard.GcBiasMetrics               [DEBUG  ]  Duplicate sample name found in BSS_D03.merged.picard_metrics.gc_bias_metrics.summary.txt! Overwriting: BSS_D03
[2019-03-15 14:11:10,747] multiqc.modules.picard.GcBiasMetrics               [DEBUG  ]  Duplicate sample name found in BSS_D01.merged.picard_metrics.gc_bias_metrics.summary.txt! Overwriting: BSS_D01
[2019-03-15 14:11:10,748] multiqc.modules.picard.GcBiasMetrics               [DEBUG  ]  Duplicate sample name found in BSS_D02.merged.picard_metrics.gc_bias_metrics.summary.txt! Overwriting: BSS_D02
[2019-03-15 14:11:10,749] multiqc.modules.picard.GcBiasMetrics               [DEBUG  ]  Duplicate sample name found in BSS_C01.merged.picard_metrics.gc_bias_metrics.summary.txt! Overwriting: BSS_C01
[2019-03-15 14:11:10,750] multiqc.modules.picard.GcBiasMetrics               [DEBUG  ]  Duplicate sample name found in BSS_C05.merged.picard_metrics.gc_bias_metrics.summary.txt! Overwriting: BSS_C05
[2019-03-15 14:11:10,751] multiqc.modules.picard.GcBiasMetrics               [DEBUG  ]  Duplicate sample name found in BSS_D05.merged.picard_metrics.gc_bias_metrics.summary.txt! Overwriting: BSS_D05
[2019-03-15 14:11:10,752] multiqc.modules.picard.GcBiasMetrics               [DEBUG  ]  Duplicate sample name found in BSS_D06.merged.picard_metrics.gc_bias_metrics.summary.txt! Overwriting: BSS_D06
[2019-03-15 14:11:10,753] multiqc.modules.picard.GcBiasMetrics               [DEBUG  ]  Duplicate sample name found in BSS_C02.merged.picard_metrics.gc_bias_metrics.summary.txt! Overwriting: BSS_C02
[2019-03-15 14:11:10,754] multiqc.modules.picard.GcBiasMetrics               [DEBUG  ]  Duplicate sample name found in BSS_C04.merged.picard_metrics.gc_bias_metrics.summary.txt! Overwriting: BSS_C04
[2019-03-15 14:11:10,755] multiqc.modules.picard.GcBiasMetrics               [DEBUG  ]  Duplicate sample name found in BSS_C03.merged.picard_metrics.gc_bias_metrics.summary.txt! Overwriting: BSS_C03
[2019-03-15 14:11:10,756] multiqc.modules.picard.GcBiasMetrics               [DEBUG  ]  Duplicate sample name found in BSS_C06.merged.picard_metrics.gc_bias_metrics.summary.txt! Overwriting: BSS_C06
[2019-03-15 14:11:10,757] multiqc.modules.picard.GcBiasMetrics               [DEBUG  ]  Duplicate sample name found in BSS_B04.merged.picard_metrics.gc_bias_metrics.summary.txt! Overwriting: BSS_B04
[2019-03-15 14:11:10,758] multiqc.modules.picard.GcBiasMetrics               [DEBUG  ]  Duplicate sample name found in BSS_D04.merged.picard_metrics.gc_bias_metrics.summary.txt! Overwriting: BSS_D04
[2019-03-15 14:11:10,759] multiqc.modules.picard.GcBiasMetrics               [DEBUG  ]  Duplicate sample name found in BSS_E05.merged.picard_metrics.gc_bias_metrics.summary.txt! Overwriting: BSS_E05
[2019-03-15 14:11:10,772] multiqc.modules.picard.GcBiasMetrics               [DEBUG  ]  Duplicate sample name found in BSS_E06.merged.picard_metrics.gc_bias_metrics.summary.txt! Overwriting: BSS_E06
[2019-03-15 14:11:10,773] multiqc.modules.picard.GcBiasMetrics               [DEBUG  ]  Duplicate sample name found in BSS_B01.merged.picard_metrics.gc_bias_metrics.summary.txt! Overwriting: BSS_B01
[2019-03-15 14:11:10,774] multiqc.modules.picard.GcBiasMetrics               [DEBUG  ]  Duplicate sample name found in BSS_E02.merged.picard_metrics.gc_bias_metrics.summary.txt! Overwriting: BSS_E02
[2019-03-15 14:11:10,775] multiqc.modules.picard.GcBiasMetrics               [DEBUG  ]  Duplicate sample name found in BSS_E03.merged.picard_metrics.gc_bias_metrics.summary.txt! Overwriting: BSS_E03
[2019-03-15 14:11:10,776] multiqc.modules.picard.GcBiasMetrics               [DEBUG  ]  Duplicate sample name found in BSS_E04.merged.picard_metrics.gc_bias_metrics.summary.txt! Overwriting: BSS_E04
[2019-03-15 14:11:10,777] multiqc.modules.picard.GcBiasMetrics               [DEBUG  ]  Duplicate sample name found in BSS_E01.merged.picard_metrics.gc_bias_metrics.summary.txt! Overwriting: BSS_E01
[2019-03-15 14:11:10,794] multiqc.modules.picard.picard                      [INFO   ]  Found 65 GcBiasMetrics reports
[2019-03-15 14:11:10,841] multiqc.modules.picard.picard                      [INFO   ]  Found 65 MarkDuplicates reports
[2019-03-15 14:11:10,891] multiqc.modules.picard.picard                      [INFO   ]  Found 65 RnaSeqMetrics reports
[2019-03-15 14:11:10,901] multiqc                                            [DEBUG  ]  No samples found: prokka
[2019-03-15 14:11:10,911] multiqc                                            [DEBUG  ]  No samples found: samblaster
[2019-03-15 14:11:10,929] multiqc                                            [DEBUG  ]  No samples found: samtools
[2019-03-15 14:11:10,941] multiqc                                            [DEBUG  ]  No samples found: bamtools
[2019-03-15 14:11:10,951] multiqc                                            [DEBUG  ]  No samples found: jellyfish
[2019-03-15 14:11:10,967] multiqc                                            [DEBUG  ]  No samples found: vcftools
[2019-03-15 14:11:10,978] multiqc                                            [DEBUG  ]  No samples found: longranger
[2019-03-15 14:11:10,988] multiqc                                            [DEBUG  ]  No samples found: stacks
[2019-03-15 14:11:11,016] multiqc                                            [DEBUG  ]  No samples found: bbmap
[2019-03-15 14:11:11,027] multiqc                                            [DEBUG  ]  No samples found: bismark
[2019-03-15 14:11:11,039] multiqc                                            [DEBUG  ]  No samples found: biscuit
[2019-03-15 14:11:11,049] multiqc                                            [DEBUG  ]  No samples found: hicexplorer
[2019-03-15 14:11:11,059] multiqc                                            [DEBUG  ]  No samples found: hicup
[2019-03-15 14:11:11,069] multiqc                                            [DEBUG  ]  No samples found: hicpro
[2019-03-15 14:11:11,080] multiqc                                            [DEBUG  ]  No samples found: salmon
[2019-03-15 14:11:11,093] multiqc                                            [DEBUG  ]  No samples found: kallisto
[2019-03-15 14:11:11,104] multiqc                                            [DEBUG  ]  No samples found: slamdunk
[2019-03-15 14:11:11,114] multiqc                                            [DEBUG  ]  No samples found: star
[2019-03-15 14:11:11,123] multiqc                                            [DEBUG  ]  No samples found: hisat2
[2019-03-15 14:11:11,134] multiqc                                            [DEBUG  ]  No samples found: tophat
[2019-03-15 14:11:11,144] multiqc                                            [DEBUG  ]  No samples found: bowtie2
[2019-03-15 14:11:11,155] multiqc                                            [DEBUG  ]  No samples found: bowtie1
[2019-03-15 14:11:11,166] multiqc                                            [DEBUG  ]  No samples found: kat
[2019-03-15 14:11:11,179] multiqc                                            [DEBUG  ]  No samples found: leehom
[2019-03-15 14:11:11,189] multiqc                                            [DEBUG  ]  No samples found: adapterRemoval
[2019-03-15 14:11:11,201] multiqc                                            [DEBUG  ]  No samples found: clipandmerge
[2019-03-15 14:11:11,215] multiqc                                            [DEBUG  ]  No samples found: cutadapt
[2019-03-15 14:11:11,224] multiqc                                            [DEBUG  ]  No samples found: flexbar
[2019-03-15 14:11:11,234] multiqc                                            [DEBUG  ]  No samples found: trimmomatic
[2019-03-15 14:11:11,242] multiqc                                            [DEBUG  ]  No samples found: skewer
[2019-03-15 14:11:11,251] multiqc                                            [DEBUG  ]  No samples found: sortmerna
[2019-03-15 14:11:11,261] multiqc                                            [DEBUG  ]  No samples found: biobloomtools
[2019-03-15 14:11:11,271] multiqc                                            [DEBUG  ]  No samples found: fastq_screen
[2019-03-15 14:11:11,280] multiqc                                            [DEBUG  ]  No samples found: afterqc
[2019-03-15 14:11:11,289] multiqc                                            [DEBUG  ]  No samples found: fastp
[2019-03-15 14:11:11,300] multiqc                                            [DEBUG  ]  No samples found: fastqc
[2019-03-15 14:11:11,310] multiqc                                            [DEBUG  ]  No samples found: minionqc
[2019-03-15 14:11:11,319] multiqc                                            [DEBUG  ]  No samples found: clusterflow
[2019-03-15 14:11:11,330] multiqc                                            [DEBUG  ]  No samples found: bcl2fastq
[2019-03-15 14:11:11,340] multiqc                                            [DEBUG  ]  No samples found: interop
[2019-03-15 14:11:11,349] multiqc                                            [DEBUG  ]  No samples found: flash
[2019-03-15 14:11:11,427] multiqc                                            [INFO   ]  Compressing plot data
[2019-03-15 14:11:12,104] multiqc                                            [WARNING]  Deleting    : multiqc_report.html   (-f was specified)
[2019-03-15 14:11:12,105] multiqc                                            [WARNING]  Deleting    : multiqc_data   (-f was specified)
[2019-03-15 14:11:12,115] multiqc                                            [INFO   ]  Report      : multiqc_report.html
[2019-03-15 14:11:12,115] multiqc                                            [INFO   ]  Data        : multiqc_data
[2019-03-15 14:11:12,120] multiqc                                            [DEBUG  ]  Moving data file from '/tmp/tmp_xa2_f2s/multiqc_data/multiqc_picard_AlignmentSummaryMetrics.txt' to '/u/project/gandalm/shared/RNAseq/ASD_STG_LCM_RNAseq/ASD_Blocks/pipeline/bams/star/multiqc_data'
[2019-03-15 14:11:12,131] multiqc                                            [DEBUG  ]  Moving data file from '/tmp/tmp_xa2_f2s/multiqc_data/multiqc_picard_gcbias.txt' to '/u/project/gandalm/shared/RNAseq/ASD_STG_LCM_RNAseq/ASD_Blocks/pipeline/bams/star/multiqc_data'
[2019-03-15 14:11:12,139] multiqc                                            [DEBUG  ]  Moving data file from '/tmp/tmp_xa2_f2s/multiqc_data/multiqc_picard_dups.txt' to '/u/project/gandalm/shared/RNAseq/ASD_STG_LCM_RNAseq/ASD_Blocks/pipeline/bams/star/multiqc_data'
[2019-03-15 14:11:12,146] multiqc                                            [DEBUG  ]  Moving data file from '/tmp/tmp_xa2_f2s/multiqc_data/multiqc_picard_RnaSeqMetrics.txt' to '/u/project/gandalm/shared/RNAseq/ASD_STG_LCM_RNAseq/ASD_Blocks/pipeline/bams/star/multiqc_data'
[2019-03-15 14:11:12,156] multiqc                                            [DEBUG  ]  Moving data file from '/tmp/tmp_xa2_f2s/multiqc_data/multiqc_general_stats.txt' to '/u/project/gandalm/shared/RNAseq/ASD_STG_LCM_RNAseq/ASD_Blocks/pipeline/bams/star/multiqc_data'
[2019-03-15 14:11:12,164] multiqc                                            [DEBUG  ]  Moving data file from '/tmp/tmp_xa2_f2s/multiqc_data/multiqc_sources.txt' to '/u/project/gandalm/shared/RNAseq/ASD_STG_LCM_RNAseq/ASD_Blocks/pipeline/bams/star/multiqc_data'
[2019-03-15 14:11:12,173] multiqc                                            [DEBUG  ]  Moving data file from '/tmp/tmp_xa2_f2s/multiqc_data/multiqc_data.json' to '/u/project/gandalm/shared/RNAseq/ASD_STG_LCM_RNAseq/ASD_Blocks/pipeline/bams/star/multiqc_data'
[2019-03-15 14:11:12,493] multiqc                                            [INFO   ]  MultiQC complete
